  Building Custom Rule C:/Users/cyril/Desktop/archi_cmake/src/array/exec/CMakeLists.txt
  ex20_sort_array.c
C:\Users\cyril\Desktop\archi_cmake\src\array\exec\ex20_sort_array.c(11,5): warning C4013: 'array_bubble_sort_i' undefined; assuming extern returning int
C:\Users\cyril\Desktop\archi_cmake\src\array\exec\ex20_sort_array.c(11,26): error C2143: syntax error: missing ';' before ':'
C:\Users\cyril\Desktop\archi_cmake\src\array\exec\ex20_sort_array.c(20,37): error C2065: 'array_element_count': undeclared identifier
C:\Users\cyril\Desktop\archi_cmake\src\array\exec\ex20_sort_array.c(21,36): error C2065: 'array_element_count': undeclared identifier
C:\Users\cyril\Desktop\archi_cmake\src\array\exec\ex20_sort_array.c(22,23): error C2065: 'array_to_check': undeclared identifier
C:\Users\cyril\Desktop\archi_cmake\src\array\exec\ex20_sort_array.c(22,22): error C2109: subscript requires array or pointer type
C:\Users\cyril\Desktop\archi_cmake\src\array\exec\ex20_sort_array.c(22,44): error C2065: 'array_to_check': undeclared identifier
C:\Users\cyril\Desktop\archi_cmake\src\array\exec\ex20_sort_array.c(22,43): error C2109: subscript requires array or pointer type
C:\Users\cyril\Desktop\archi_cmake\src\array\exec\ex20_sort_array.c(23,10): error C2065: 'temp': undeclared identifier
C:\Users\cyril\Desktop\archi_cmake\src\array\exec\ex20_sort_array.c(23,27): error C2065: 'array_to_check': undeclared identifier
C:\Users\cyril\Desktop\archi_cmake\src\array\exec\ex20_sort_array.c(23,26): error C2109: subscript requires array or pointer type
C:\Users\cyril\Desktop\archi_cmake\src\array\exec\ex20_sort_array.c(24,20): error C2065: 'array_to_check': undeclared identifier
C:\Users\cyril\Desktop\archi_cmake\src\array\exec\ex20_sort_array.c(24,19): error C2109: subscript requires array or pointer type
C:\Users\cyril\Desktop\archi_cmake\src\array\exec\ex20_sort_array.c(24,40): error C2065: 'array_to_check': undeclared identifier
C:\Users\cyril\Desktop\archi_cmake\src\array\exec\ex20_sort_array.c(24,39): error C2109: subscript requires array or pointer type
C:\Users\cyril\Desktop\archi_cmake\src\array\exec\ex20_sort_array.c(25,20): error C2065: 'array_to_check': undeclared identifier
C:\Users\cyril\Desktop\archi_cmake\src\array\exec\ex20_sort_array.c(25,19): error C2109: subscript requires array or pointer type
C:\Users\cyril\Desktop\archi_cmake\src\array\exec\ex20_sort_array.c(25,33): error C2065: 'temp': undeclared identifier
