  test_lifeGame.c
C:\Users\cyril\Desktop\archi_cmake\src\lifeGame\exec\test_lifeGame.c(12,8): warning C4244: 'function': conversion from 'time_t' to 'unsigned int', possible loss of data
lifeGame_lib.lib(lifeGame.obj) : error LNK2019: unresolved external symbol init_of_number_one referenced in function display_world
C:\Users\cyril\Desktop\archi_cmake\build\vs2022_build64\lifeGame\exec\Debug\test_lifeGame.exe : fatal error LNK1120: 1 unresolved externals
