  test_single_list.c
C:\Users\cyril\Desktop\archi_cmake\src\list/single_list.h(5,5): error C2061: syntax error: identifier 'Element'
C:\Users\cyril\Desktop\archi_cmake\src\list/single_list.h(6,1): error C2059: syntax error: '}'
C:\Users\cyril\Desktop\archi_cmake\src\list/single_list.h(15,6): error C2143: syntax error: missing '{' before '*'
C:\Users\cyril\Desktop\archi_cmake\src\list/single_list.h(16,31): error C2143: syntax error: missing ')' before '*'
C:\Users\cyril\Desktop\archi_cmake\src\list/single_list.h(16,31): error C2143: syntax error: missing '{' before '*'
C:\Users\cyril\Desktop\archi_cmake\src\list/single_list.h(16,42): error C2059: syntax error: 'type'
C:\Users\cyril\Desktop\archi_cmake\src\list/single_list.h(16,51): error C2059: syntax error: ')'
C:\Users\cyril\Desktop\archi_cmake\src\list/single_list.h(17,31): error C2143: syntax error: missing ')' before '*'
C:\Users\cyril\Desktop\archi_cmake\src\list/single_list.h(17,31): error C2143: syntax error: missing '{' before '*'
C:\Users\cyril\Desktop\archi_cmake\src\list/single_list.h(17,36): error C2059: syntax error: ')'
C:\Users\cyril\Desktop\archi_cmake\src\list/single_list.h(18,31): error C2143: syntax error: missing ')' before '*'
C:\Users\cyril\Desktop\archi_cmake\src\list/single_list.h(18,31): error C2143: syntax error: missing '{' before '*'
C:\Users\cyril\Desktop\archi_cmake\src\list/single_list.h(18,37): error C2059: syntax error: ')'
C:\Users\cyril\Desktop\archi_cmake\src\list\exec\test_single_list.c(4,6): error C2040: 'single_list_init': 'void ()' differs in levels of indirection from 'int *()'
C:\Users\cyril\Desktop\archi_cmake\src\list\exec\test_single_list.c(5,31): error C2143: syntax error: missing ')' before '*'
C:\Users\cyril\Desktop\archi_cmake\src\list\exec\test_single_list.c(5,31): error C2143: syntax error: missing '{' before '*'
C:\Users\cyril\Desktop\archi_cmake\src\list\exec\test_single_list.c(5,42): error C2059: syntax error: 'type'
C:\Users\cyril\Desktop\archi_cmake\src\list\exec\test_single_list.c(5,51): error C2059: syntax error: ')'
C:\Users\cyril\Desktop\archi_cmake\src\list\exec\test_single_list.c(6,30): error C2143: syntax error: missing ')' before '*'
C:\Users\cyril\Desktop\archi_cmake\src\list\exec\test_single_list.c(6,30): error C2143: syntax error: missing '{' before '*'
C:\Users\cyril\Desktop\archi_cmake\src\list\exec\test_single_list.c(6,36): error C2059: syntax error: ')'
C:\Users\cyril\Desktop\archi_cmake\src\list\exec\test_single_list.c(7,31): error C2143: syntax error: missing ')' before '*'
C:\Users\cyril\Desktop\archi_cmake\src\list\exec\test_single_list.c(7,31): error C2143: syntax error: missing '{' before '*'
C:\Users\cyril\Desktop\archi_cmake\src\list\exec\test_single_list.c(7,37): error C2059: syntax error: ')'
C:\Users\cyril\Desktop\archi_cmake\src\list\exec\test_single_list.c(14,9): error C2065: 'Liste': undeclared identifier
C:\Users\cyril\Desktop\archi_cmake\src\list\exec\test_single_list.c(14,18): error C2065: 'newList': undeclared identifier
C:\Users\cyril\Desktop\archi_cmake\src\list\exec\test_single_list.c(14,18): warning C4047: '=': 'int' differs in levels of indirection from 'int *'
C:\Users\cyril\Desktop\archi_cmake\src\list\exec\test_single_list.c(14,9): error C2106: '=': left operand must be l-value
C:\Users\cyril\Desktop\archi_cmake\src\list\exec\test_single_list.c(15,3): warning C4013: 'single_list_insert' undefined; assuming extern returning int
C:\Users\cyril\Desktop\archi_cmake\src\list\exec\test_single_list.c(15,29): error C2065: 'newList': undeclared identifier
C:\Users\cyril\Desktop\archi_cmake\src\list\exec\test_single_list.c(16,3): warning C4013: 'single_list_delete' undefined; assuming extern returning int
C:\Users\cyril\Desktop\archi_cmake\src\list\exec\test_single_list.c(16,29): error C2065: 'newList': undeclared identifier
C:\Users\cyril\Desktop\archi_cmake\src\list\exec\test_single_list.c(17,3): warning C4013: 'single_list_display' undefined; assuming extern returning int
C:\Users\cyril\Desktop\archi_cmake\src\list\exec\test_single_list.c(17,30): error C2065: 'newList': undeclared identifier
